[23/10/19 04:57:29:029 MSK]  WARN sources.ReaderSource: The line in file contains an illegal toy's parameter
java.lang.IllegalArgumentException: No enum constant enums.Size.
	at java.lang.Enum.valueOf(Enum.java:238)
	at enums.Size.valueOf(Size.java:1)
	at sources.ReaderSource.readToysFromFile(ReaderSource.java:61)
	at testing.ReaderSourceTest.testReadToysFromWrongFile(ReaderSourceTest.java:35)
	at sun.reflect.NativeMethodAccessorImpl.invoke0(Native Method)
	at sun.reflect.NativeMethodAccessorImpl.invoke(NativeMethodAccessorImpl.java:62)
	at sun.reflect.DelegatingMethodAccessorImpl.invoke(DelegatingMethodAccessorImpl.java:43)
	at java.lang.reflect.Method.invoke(Method.java:498)
	at org.junit.platform.commons.util.ReflectionUtils.invokeMethod(ReflectionUtils.java:628)
	at org.junit.jupiter.engine.execution.ExecutableInvoker.invoke(ExecutableInvoker.java:117)
	at org.junit.jupiter.engine.descriptor.TestMethodTestDescriptor.lambda$invokeTestMethod$7(TestMethodTestDescriptor.java:184)
	at org.junit.platform.engine.support.hierarchical.ThrowableCollector.execute(ThrowableCollector.java:73)
	at org.junit.jupiter.engine.descriptor.TestMethodTestDescriptor.invokeTestMethod(TestMethodTestDescriptor.java:180)
	at org.junit.jupiter.engine.descriptor.TestMethodTestDescriptor.execute(TestMethodTestDescriptor.java:127)
	at org.junit.jupiter.engine.descriptor.TestMethodTestDescriptor.execute(TestMethodTestDescriptor.java:68)
	at org.junit.platform.engine.support.hierarchical.NodeTestTask.lambda$executeRecursively$5(NodeTestTask.java:135)
	at org.junit.platform.engine.support.hierarchical.ThrowableCollector.execute(ThrowableCollector.java:73)
	at org.junit.platform.engine.support.hierarchical.NodeTestTask.lambda$executeRecursively$7(NodeTestTask.java:125)
	at org.junit.platform.engine.support.hierarchical.Node.around(Node.java:135)
	at org.junit.platform.engine.support.hierarchical.NodeTestTask.lambda$executeRecursively$8(NodeTestTask.java:123)
	at org.junit.platform.engine.support.hierarchical.ThrowableCollector.execute(ThrowableCollector.java:73)
	at org.junit.platform.engine.support.hierarchical.NodeTestTask.executeRecursively(NodeTestTask.java:122)
	at org.junit.platform.engine.support.hierarchical.NodeTestTask.execute(NodeTestTask.java:80)
	at java.util.ArrayList.forEach(ArrayList.java:1257)
	at org.junit.platform.engine.support.hierarchical.SameThreadHierarchicalTestExecutorService.invokeAll(SameThreadHierarchicalTestExecutorService.java:38)
	at org.junit.platform.engine.support.hierarchical.NodeTestTask.lambda$executeRecursively$5(NodeTestTask.java:139)
	at org.junit.platform.engine.support.hierarchical.ThrowableCollector.execute(ThrowableCollector.java:73)
	at org.junit.platform.engine.support.hierarchical.NodeTestTask.lambda$executeRecursively$7(NodeTestTask.java:125)
	at org.junit.platform.engine.support.hierarchical.Node.around(Node.java:135)
	at org.junit.platform.engine.support.hierarchical.NodeTestTask.lambda$executeRecursively$8(NodeTestTask.java:123)
	at org.junit.platform.engine.support.hierarchical.ThrowableCollector.execute(ThrowableCollector.java:73)
	at org.junit.platform.engine.support.hierarchical.NodeTestTask.executeRecursively(NodeTestTask.java:122)
	at org.junit.platform.engine.support.hierarchical.NodeTestTask.execute(NodeTestTask.java:80)
	at java.util.ArrayList.forEach(ArrayList.java:1257)
	at org.junit.platform.engine.support.hierarchical.SameThreadHierarchicalTestExecutorService.invokeAll(SameThreadHierarchicalTestExecutorService.java:38)
	at org.junit.platform.engine.support.hierarchical.NodeTestTask.lambda$executeRecursively$5(NodeTestTask.java:139)
	at org.junit.platform.engine.support.hierarchical.ThrowableCollector.execute(ThrowableCollector.java:73)
	at org.junit.platform.engine.support.hierarchical.NodeTestTask.lambda$executeRecursively$7(NodeTestTask.java:125)
	at org.junit.platform.engine.support.hierarchical.Node.around(Node.java:135)
	at org.junit.platform.engine.support.hierarchical.NodeTestTask.lambda$executeRecursively$8(NodeTestTask.java:123)
	at org.junit.platform.engine.support.hierarchical.ThrowableCollector.execute(ThrowableCollector.java:73)
	at org.junit.platform.engine.support.hierarchical.NodeTestTask.executeRecursively(NodeTestTask.java:122)
	at org.junit.platform.engine.support.hierarchical.NodeTestTask.execute(NodeTestTask.java:80)
	at org.junit.platform.engine.support.hierarchical.SameThreadHierarchicalTestExecutorService.submit(SameThreadHierarchicalTestExecutorService.java:32)
	at org.junit.platform.engine.support.hierarchical.HierarchicalTestExecutor.execute(HierarchicalTestExecutor.java:57)
	at org.junit.platform.engine.support.hierarchical.HierarchicalTestEngine.execute(HierarchicalTestEngine.java:51)
	at org.junit.platform.launcher.core.DefaultLauncher.execute(DefaultLauncher.java:229)
	at org.junit.platform.launcher.core.DefaultLauncher.lambda$execute$6(DefaultLauncher.java:197)
	at org.junit.platform.launcher.core.DefaultLauncher.withInterceptedStreams(DefaultLauncher.java:211)
	at org.junit.platform.launcher.core.DefaultLauncher.execute(DefaultLauncher.java:191)
	at org.junit.platform.launcher.core.DefaultLauncher.execute(DefaultLauncher.java:137)
	at org.eclipse.jdt.internal.junit5.runner.JUnit5TestReference.run(JUnit5TestReference.java:89)
	at org.eclipse.jdt.internal.junit.runner.TestExecution.run(TestExecution.java:41)
	at org.eclipse.jdt.internal.junit.runner.RemoteTestRunner.runTests(RemoteTestRunner.java:541)
	at org.eclipse.jdt.internal.junit.runner.RemoteTestRunner.runTests(RemoteTestRunner.java:763)
	at org.eclipse.jdt.internal.junit.runner.RemoteTestRunner.run(RemoteTestRunner.java:463)
	at org.eclipse.jdt.internal.junit.runner.RemoteTestRunner.main(RemoteTestRunner.java:209)
[23/10/19 04:57:29:029 MSK]  WARN sources.ReaderSource: The line in file contains an illegal toy's parameter
java.lang.IllegalArgumentException: No enum constant enums.AgeTypes.FROM8TO7
	at java.lang.Enum.valueOf(Enum.java:238)
	at enums.AgeTypes.valueOf(AgeTypes.java:1)
	at sources.ReaderSource.readToysFromFile(ReaderSource.java:58)
	at testing.ReaderSourceTest.testReadToysFromWrongFile(ReaderSourceTest.java:35)
	at sun.reflect.NativeMethodAccessorImpl.invoke0(Native Method)
	at sun.reflect.NativeMethodAccessorImpl.invoke(NativeMethodAccessorImpl.java:62)
	at sun.reflect.DelegatingMethodAccessorImpl.invoke(DelegatingMethodAccessorImpl.java:43)
	at java.lang.reflect.Method.invoke(Method.java:498)
	at org.junit.platform.commons.util.ReflectionUtils.invokeMethod(ReflectionUtils.java:628)
	at org.junit.jupiter.engine.execution.ExecutableInvoker.invoke(ExecutableInvoker.java:117)
	at org.junit.jupiter.engine.descriptor.TestMethodTestDescriptor.lambda$invokeTestMethod$7(TestMethodTestDescriptor.java:184)
	at org.junit.platform.engine.support.hierarchical.ThrowableCollector.execute(ThrowableCollector.java:73)
	at org.junit.jupiter.engine.descriptor.TestMethodTestDescriptor.invokeTestMethod(TestMethodTestDescriptor.java:180)
	at org.junit.jupiter.engine.descriptor.TestMethodTestDescriptor.execute(TestMethodTestDescriptor.java:127)
	at org.junit.jupiter.engine.descriptor.TestMethodTestDescriptor.execute(TestMethodTestDescriptor.java:68)
	at org.junit.platform.engine.support.hierarchical.NodeTestTask.lambda$executeRecursively$5(NodeTestTask.java:135)
	at org.junit.platform.engine.support.hierarchical.ThrowableCollector.execute(ThrowableCollector.java:73)
	at org.junit.platform.engine.support.hierarchical.NodeTestTask.lambda$executeRecursively$7(NodeTestTask.java:125)
	at org.junit.platform.engine.support.hierarchical.Node.around(Node.java:135)
	at org.junit.platform.engine.support.hierarchical.NodeTestTask.lambda$executeRecursively$8(NodeTestTask.java:123)
	at org.junit.platform.engine.support.hierarchical.ThrowableCollector.execute(ThrowableCollector.java:73)
	at org.junit.platform.engine.support.hierarchical.NodeTestTask.executeRecursively(NodeTestTask.java:122)
	at org.junit.platform.engine.support.hierarchical.NodeTestTask.execute(NodeTestTask.java:80)
	at java.util.ArrayList.forEach(ArrayList.java:1257)
	at org.junit.platform.engine.support.hierarchical.SameThreadHierarchicalTestExecutorService.invokeAll(SameThreadHierarchicalTestExecutorService.java:38)
	at org.junit.platform.engine.support.hierarchical.NodeTestTask.lambda$executeRecursively$5(NodeTestTask.java:139)
	at org.junit.platform.engine.support.hierarchical.ThrowableCollector.execute(ThrowableCollector.java:73)
	at org.junit.platform.engine.support.hierarchical.NodeTestTask.lambda$executeRecursively$7(NodeTestTask.java:125)
	at org.junit.platform.engine.support.hierarchical.Node.around(Node.java:135)
	at org.junit.platform.engine.support.hierarchical.NodeTestTask.lambda$executeRecursively$8(NodeTestTask.java:123)
	at org.junit.platform.engine.support.hierarchical.ThrowableCollector.execute(ThrowableCollector.java:73)
	at org.junit.platform.engine.support.hierarchical.NodeTestTask.executeRecursively(NodeTestTask.java:122)
	at org.junit.platform.engine.support.hierarchical.NodeTestTask.execute(NodeTestTask.java:80)
	at java.util.ArrayList.forEach(ArrayList.java:1257)
	at org.junit.platform.engine.support.hierarchical.SameThreadHierarchicalTestExecutorService.invokeAll(SameThreadHierarchicalTestExecutorService.java:38)
	at org.junit.platform.engine.support.hierarchical.NodeTestTask.lambda$executeRecursively$5(NodeTestTask.java:139)
	at org.junit.platform.engine.support.hierarchical.ThrowableCollector.execute(ThrowableCollector.java:73)
	at org.junit.platform.engine.support.hierarchical.NodeTestTask.lambda$executeRecursively$7(NodeTestTask.java:125)
	at org.junit.platform.engine.support.hierarchical.Node.around(Node.java:135)
	at org.junit.platform.engine.support.hierarchical.NodeTestTask.lambda$executeRecursively$8(NodeTestTask.java:123)
	at org.junit.platform.engine.support.hierarchical.ThrowableCollector.execute(ThrowableCollector.java:73)
	at org.junit.platform.engine.support.hierarchical.NodeTestTask.executeRecursively(NodeTestTask.java:122)
	at org.junit.platform.engine.support.hierarchical.NodeTestTask.execute(NodeTestTask.java:80)
	at org.junit.platform.engine.support.hierarchical.SameThreadHierarchicalTestExecutorService.submit(SameThreadHierarchicalTestExecutorService.java:32)
	at org.junit.platform.engine.support.hierarchical.HierarchicalTestExecutor.execute(HierarchicalTestExecutor.java:57)
	at org.junit.platform.engine.support.hierarchical.HierarchicalTestEngine.execute(HierarchicalTestEngine.java:51)
	at org.junit.platform.launcher.core.DefaultLauncher.execute(DefaultLauncher.java:229)
	at org.junit.platform.launcher.core.DefaultLauncher.lambda$execute$6(DefaultLauncher.java:197)
	at org.junit.platform.launcher.core.DefaultLauncher.withInterceptedStreams(DefaultLauncher.java:211)
	at org.junit.platform.launcher.core.DefaultLauncher.execute(DefaultLauncher.java:191)
	at org.junit.platform.launcher.core.DefaultLauncher.execute(DefaultLauncher.java:137)
	at org.eclipse.jdt.internal.junit5.runner.JUnit5TestReference.run(JUnit5TestReference.java:89)
	at org.eclipse.jdt.internal.junit.runner.TestExecution.run(TestExecution.java:41)
	at org.eclipse.jdt.internal.junit.runner.RemoteTestRunner.runTests(RemoteTestRunner.java:541)
	at org.eclipse.jdt.internal.junit.runner.RemoteTestRunner.runTests(RemoteTestRunner.java:763)
	at org.eclipse.jdt.internal.junit.runner.RemoteTestRunner.run(RemoteTestRunner.java:463)
	at org.eclipse.jdt.internal.junit.runner.RemoteTestRunner.main(RemoteTestRunner.java:209)
[23/10/19 04:57:35:035 MSK]  INFO service.Factory: room parameters: max number of toys - 3
[23/10/19 04:57:35:035 MSK]  INFO service.Factory:  max cost of toys that can be added to this room 200.0
[23/10/19 04:57:35:035 MSK]  INFO service.Factory:  age type of rooom - FROM0TO3
[23/10/19 04:57:35:035 MSK]  INFO service.Factory: room parameters: max number of toys - 3
[23/10/19 04:57:35:035 MSK]  INFO service.Factory:  max cost of toys that can be added to this room 200.0
[23/10/19 04:57:35:035 MSK]  INFO service.Factory:  age type of rooom - FROM0TO3
[23/10/19 04:57:35:035 MSK]  INFO service.Factory: room parameters: max number of toys - 3
[23/10/19 04:57:35:035 MSK]  INFO service.Factory:  max cost of toys that can be added to this room 200.0
[23/10/19 04:57:35:035 MSK]  INFO service.Factory:  age type of rooom - FROM0TO3
[23/10/19 04:57:35:035 MSK]  INFO service.Factory: room parameters: max number of toys - 3
[23/10/19 04:57:35:035 MSK]  INFO service.Factory:  max cost of toys that can be added to this room 200.0
[23/10/19 04:57:35:035 MSK]  INFO service.Factory:  age type of rooom - FROM0TO3
[23/10/19 04:57:35:035 MSK]  INFO service.Factory: room parameters: max number of toys - 3
[23/10/19 04:57:35:035 MSK]  INFO service.Factory:  max cost of toys that can be added to this room 200.0
[23/10/19 04:57:35:035 MSK]  INFO service.Factory:  age type of rooom - FROM0TO3
[23/10/19 04:58:07:007 MSK]  WARN controller.Menu: attempt to enter the wrong command
[23/10/19 04:58:10:010 MSK]  INFO controller.Menu: Exit
[23/10/19 04:58:28:028 MSK]  INFO service.Factory: room parameters: max number of toys - 4
[23/10/19 04:58:28:028 MSK]  INFO service.Factory:  max cost of toys that can be added to this room 3000.0
[23/10/19 04:58:28:028 MSK]  INFO service.Factory:  age type of rooom - FROM0TO3
[23/10/19 04:58:28:028 MSK]  INFO controller.Menu: The room had been created
[23/10/19 04:58:29:029 MSK]  INFO controller.Menu: The room had been filled with toys
[23/10/19 04:58:31:031 MSK]  INFO controller.Menu: Toys had been printed
[23/10/19 04:58:46:046 MSK]  INFO controller.MenuService: Sorted by price
[23/10/19 04:58:46:046 MSK]  INFO controller.Menu: Sort toys
[23/10/19 04:58:47:047 MSK]  INFO controller.Menu: Toys had been printed
[23/10/19 04:59:08:008 MSK]  INFO controller.MenuService: Search by type: DOLL
[23/10/19 04:59:08:008 MSK]  INFO controller.Menu: Search toys
[23/10/19 04:59:14:014 MSK]  INFO controller.Menu: Exit
[23/10/19 05:03:21:021 MSK]  INFO service.Factory: room parameters: max number of toys - 4
[23/10/19 05:03:21:021 MSK]  INFO service.Factory:  max cost of toys that can be added to this room 600.0
[23/10/19 05:03:21:021 MSK]  INFO service.Factory:  age type of rooom - FROM0TO3
[23/10/19 05:03:21:021 MSK]  INFO controller.Menu: The room had been created
[23/10/19 05:03:22:022 MSK]  INFO controller.Menu: The room had been filled with toys
[23/10/19 05:03:33:033 MSK]  INFO controller.MenuService: Search by price. Min: 1.0 Max: 1000.0
[23/10/19 05:03:33:033 MSK]  INFO controller.Menu: Search toys
[23/10/19 05:04:02:002 MSK]  INFO service.Factory: room parameters: max number of toys - 4
[23/10/19 05:04:02:002 MSK]  INFO service.Factory:  max cost of toys that can be added to this room 10000.0
[23/10/19 05:04:02:002 MSK]  INFO service.Factory:  age type of rooom - FROM0TO3
[23/10/19 05:04:02:002 MSK]  INFO controller.Menu: The room had been created
[23/10/19 05:04:03:003 MSK]  INFO controller.Menu: The room had been filled with toys
[23/10/19 05:04:10:010 MSK]  INFO controller.MenuService: Search by price. Min: 1.0 Max: 10000.0
[23/10/19 05:04:10:010 MSK]  INFO controller.Menu: Search toys
[23/10/19 05:09:14:014 MSK]  INFO service.Factory: room parameters: max number of toys - 5
[23/10/19 05:09:14:014 MSK]  INFO service.Factory:  max cost of toys that can be added to this room 300.0
[23/10/19 05:09:14:014 MSK]  INFO service.Factory:  age type of rooom - FROM4TO7
[23/10/19 05:09:14:014 MSK]  INFO controller.Menu: The room had been created
[23/10/19 05:09:15:015 MSK]  INFO controller.Menu: The room had been filled with toys
[23/10/19 05:09:23:023 MSK]  INFO controller.Menu: Toys had been printed
[23/10/19 05:10:38:038 MSK]  INFO service.Factory: room parameters: max number of toys - 3
[23/10/19 05:10:38:038 MSK]  INFO service.Factory:  max cost of toys that can be added to this room 80.0
[23/10/19 05:10:38:038 MSK]  INFO service.Factory:  age type of rooom - FROM4TO7
[23/10/19 05:10:38:038 MSK]  INFO controller.Menu: The room had been created
[23/10/19 05:10:39:039 MSK]  INFO controller.Menu: The room had been filled with toys
[23/10/19 05:10:40:040 MSK]  INFO controller.Menu: Toys had been printed
